Analysis & Synthesis report for superscalar
Thu Nov 30 12:17:25 2023
Quartus Prime Version 22.1std.2 Build 922 07/20/2023 SC Lite Edition


---------------------
; Table of Contents ;
---------------------
  1. Legal Notice
  2. Analysis & Synthesis Summary
  3. Analysis & Synthesis Settings
  4. Parallel Compilation
  5. Analysis & Synthesis Messages



----------------
; Legal Notice ;
----------------
Copyright (C) 2023  Intel Corporation. All rights reserved.
Your use of Intel Corporation's design tools, logic functions 
and other software and tools, and any partner logic 
functions, and any output files from any of the foregoing 
(including device programming or simulation files), and any 
associated documentation or information are expressly subject 
to the terms and conditions of the Intel Program License 
Subscription Agreement, the Intel Quartus Prime License Agreement,
the Intel FPGA IP License Agreement, or other applicable license
agreement, including, without limitation, that your use is for
the sole purpose of programming logic devices manufactured by
Intel and sold by Intel or its authorized distributors.  Please
refer to the applicable agreement for further details, at
https://fpgasoftware.intel.com/eula.



+-------------------------------------------------------------------------------------+
; Analysis & Synthesis Summary                                                        ;
+------------------------------------+------------------------------------------------+
; Analysis & Synthesis Status        ; Failed - Thu Nov 30 12:17:25 2023              ;
; Quartus Prime Version              ; 22.1std.2 Build 922 07/20/2023 SC Lite Edition ;
; Revision Name                      ; superscalar                                    ;
; Top-level Entity Name              ; superscalar                                    ;
; Family                             ; MAX 10                                         ;
; Total logic elements               ; N/A until Partition Merge                      ;
;     Total combinational functions  ; N/A until Partition Merge                      ;
;     Dedicated logic registers      ; N/A until Partition Merge                      ;
; Total registers                    ; N/A until Partition Merge                      ;
; Total pins                         ; N/A until Partition Merge                      ;
; Total virtual pins                 ; N/A until Partition Merge                      ;
; Total memory bits                  ; N/A until Partition Merge                      ;
; Embedded Multiplier 9-bit elements ; N/A until Partition Merge                      ;
; Total PLLs                         ; N/A until Partition Merge                      ;
; UFM blocks                         ; N/A until Partition Merge                      ;
; ADC blocks                         ; N/A until Partition Merge                      ;
+------------------------------------+------------------------------------------------+


+------------------------------------------------------------------------------------------------------------+
; Analysis & Synthesis Settings                                                                              ;
+------------------------------------------------------------------+--------------------+--------------------+
; Option                                                           ; Setting            ; Default Value      ;
+------------------------------------------------------------------+--------------------+--------------------+
; Device                                                           ; 10M25SAE144C8G     ;                    ;
; Top-level entity name                                            ; superscalar        ; superscalar        ;
; Family name                                                      ; MAX 10             ; Cyclone V          ;
; VHDL Show LMF Mapping Messages                                   ; Off                ;                    ;
; Verilog Show LMF Mapping Messages                                ; Off                ;                    ;
; Verilog Version                                                  ; SystemVerilog_2005 ; Verilog_2001       ;
; VHDL Version                                                     ; VHDL_2008          ; VHDL_1993          ;
; Use smart compilation                                            ; Off                ; Off                ;
; Enable parallel Assembler and Timing Analyzer during compilation ; On                 ; On                 ;
; Enable compact report table                                      ; Off                ; Off                ;
; Restructure Multiplexers                                         ; Auto               ; Auto               ;
; Create Debugging Nodes for IP Cores                              ; Off                ; Off                ;
; Preserve fewer node names                                        ; On                 ; On                 ;
; Intel FPGA IP Evaluation Mode                                    ; Enable             ; Enable             ;
; State Machine Processing                                         ; Auto               ; Auto               ;
; Safe State Machine                                               ; Off                ; Off                ;
; Extract Verilog State Machines                                   ; On                 ; On                 ;
; Extract VHDL State Machines                                      ; On                 ; On                 ;
; Ignore Verilog initial constructs                                ; Off                ; Off                ;
; Iteration limit for constant Verilog loops                       ; 5000               ; 5000               ;
; Iteration limit for non-constant Verilog loops                   ; 250                ; 250                ;
; Add Pass-Through Logic to Inferred RAMs                          ; On                 ; On                 ;
; Infer RAMs from Raw Logic                                        ; On                 ; On                 ;
; Parallel Synthesis                                               ; On                 ; On                 ;
; DSP Block Balancing                                              ; Auto               ; Auto               ;
; NOT Gate Push-Back                                               ; On                 ; On                 ;
; Power-Up Don't Care                                              ; On                 ; On                 ;
; Remove Redundant Logic Cells                                     ; Off                ; Off                ;
; Remove Duplicate Registers                                       ; On                 ; On                 ;
; Ignore CARRY Buffers                                             ; Off                ; Off                ;
; Ignore CASCADE Buffers                                           ; Off                ; Off                ;
; Ignore GLOBAL Buffers                                            ; Off                ; Off                ;
; Ignore ROW GLOBAL Buffers                                        ; Off                ; Off                ;
; Ignore LCELL Buffers                                             ; Off                ; Off                ;
; Ignore SOFT Buffers                                              ; On                 ; On                 ;
; Limit AHDL Integers to 32 Bits                                   ; Off                ; Off                ;
; Optimization Technique                                           ; Balanced           ; Balanced           ;
; Carry Chain Length                                               ; 70                 ; 70                 ;
; Auto Carry Chains                                                ; On                 ; On                 ;
; Auto Open-Drain Pins                                             ; On                 ; On                 ;
; Perform WYSIWYG Primitive Resynthesis                            ; Off                ; Off                ;
; Auto ROM Replacement                                             ; On                 ; On                 ;
; Auto RAM Replacement                                             ; On                 ; On                 ;
; Auto DSP Block Replacement                                       ; On                 ; On                 ;
; Auto Shift Register Replacement                                  ; Auto               ; Auto               ;
; Allow Shift Register Merging across Hierarchies                  ; Auto               ; Auto               ;
; Auto Clock Enable Replacement                                    ; On                 ; On                 ;
; Strict RAM Replacement                                           ; Off                ; Off                ;
; Allow Synchronous Control Signals                                ; On                 ; On                 ;
; Force Use of Synchronous Clear Signals                           ; Off                ; Off                ;
; Auto RAM Block Balancing                                         ; On                 ; On                 ;
; Auto RAM to Logic Cell Conversion                                ; Off                ; Off                ;
; Auto Resource Sharing                                            ; Off                ; Off                ;
; Allow Any RAM Size For Recognition                               ; Off                ; Off                ;
; Allow Any ROM Size For Recognition                               ; Off                ; Off                ;
; Allow Any Shift Register Size For Recognition                    ; Off                ; Off                ;
; Use LogicLock Constraints during Resource Balancing              ; On                 ; On                 ;
; Ignore translate_off and synthesis_off directives                ; Off                ; Off                ;
; Timing-Driven Synthesis                                          ; On                 ; On                 ;
; Report Parameter Settings                                        ; On                 ; On                 ;
; Report Source Assignments                                        ; On                 ; On                 ;
; Report Connectivity Checks                                       ; On                 ; On                 ;
; Ignore Maximum Fan-Out Assignments                               ; Off                ; Off                ;
; Synchronization Register Chain Length                            ; 2                  ; 2                  ;
; Power Optimization During Synthesis                              ; Normal compilation ; Normal compilation ;
; HDL message level                                                ; Level2             ; Level2             ;
; Suppress Register Optimization Related Messages                  ; Off                ; Off                ;
; Number of Removed Registers Reported in Synthesis Report         ; 5000               ; 5000               ;
; Number of Swept Nodes Reported in Synthesis Report               ; 5000               ; 5000               ;
; Number of Inverted Registers Reported in Synthesis Report        ; 100                ; 100                ;
; Clock MUX Protection                                             ; On                 ; On                 ;
; Auto Gated Clock Conversion                                      ; Off                ; Off                ;
; Block Design Naming                                              ; Auto               ; Auto               ;
; SDC constraint protection                                        ; Off                ; Off                ;
; Synthesis Effort                                                 ; Auto               ; Auto               ;
; Shift Register Replacement - Allow Asynchronous Clear Signal     ; On                 ; On                 ;
; Pre-Mapping Resynthesis Optimization                             ; Off                ; Off                ;
; Analysis & Synthesis Message Level                               ; Medium             ; Medium             ;
; Disable Register Merging Across Hierarchies                      ; Auto               ; Auto               ;
; Resource Aware Inference For Block RAM                           ; On                 ; On                 ;
+------------------------------------------------------------------+--------------------+--------------------+


+------------------------------------------+
; Parallel Compilation                     ;
+----------------------------+-------------+
; Processors                 ; Number      ;
+----------------------------+-------------+
; Number detected on machine ; 8           ;
; Maximum allowed            ; 4           ;
;                            ;             ;
; Average used               ; 1.00        ;
; Maximum used               ; 1           ;
;                            ;             ;
; Usage by Processor         ; % Time Used ;
;     Processor 1            ; 100.0%      ;
+----------------------------+-------------+


+-------------------------------+
; Analysis & Synthesis Messages ;
+-------------------------------+
Info: *******************************************************************
Info: Running Quartus Prime Analysis & Synthesis
    Info: Version 22.1std.2 Build 922 07/20/2023 SC Lite Edition
    Info: Processing started: Thu Nov 30 12:17:17 2023
Info: Command: quartus_map --read_settings_files=on --write_settings_files=off superscalar -c superscalar
Warning (18236): Number of processors has not been specified which may cause overloading on shared machines.  Set the global assignment NUM_PARALLEL_PROCESSORS in your QSF to an appropriate value for best performance.
Info (20030): Parallel compilation is enabled and will use 4 of the 4 processors detected
Error (10500): VHDL syntax error at superscalar.vhdl(8) near text ")";  expecting an identifier, or "constant", or "file", or "signal", or "variable" File: /home/shobhit/Desktop/Acads/EE739-SuperScalar/Project/superscalar.vhdl Line: 8
Error (10500): VHDL syntax error at superscalar.vhdl(18) near text "begin";  expecting an identifier ("begin" is a reserved keyword), or "constant", or "file", or "signal", or "variable" File: /home/shobhit/Desktop/Acads/EE739-SuperScalar/Project/superscalar.vhdl Line: 18
Info (12021): Found 0 design units, including 0 entities, in source file superscalar.vhdl
Info (12021): Found 2 design units, including 1 entities, in source file store_buffer.vhdl
    Info (12022): Found design unit 1: store_buffer-Struct File: /home/shobhit/Desktop/Acads/EE739-SuperScalar/Project/store_buffer.vhdl Line: 64
    Info (12023): Found entity 1: store_buffer File: /home/shobhit/Desktop/Acads/EE739-SuperScalar/Project/store_buffer.vhdl Line: 7
Error (10500): VHDL syntax error at rob_alt.vhdl(88) near text ")"; mismatched closing parenthesis  File: /home/shobhit/Desktop/Acads/EE739-SuperScalar/Project/rob_alt.vhdl Line: 88
Info (12021): Found 0 design units, including 0 entities, in source file rob_alt.vhdl
Error (10430): VHDL Primary Unit Declaration error at rob.vhdl(7): primary unit "rob" already exists in library "work". Compile the two primary units into different libraries or assign them unique names. The Intel FPGA Knowledge Database contains many articles with specific details on how to resolve this error. Visit the Knowledge Database at https://www.altera.com/support/support-resources/knowledge-base/search.html and search for this specific error message number. File: /home/shobhit/Desktop/Acads/EE739-SuperScalar/Project/rob.vhdl Line: 7
Error (10784): HDL error at rob_alt.vhdl(7): see declaration for object "rob" File: /home/shobhit/Desktop/Acads/EE739-SuperScalar/Project/rob_alt.vhdl Line: 7
Error (10500): VHDL syntax error at rob.vhdl(80) near text "then";  expecting ")", or "," File: /home/shobhit/Desktop/Acads/EE739-SuperScalar/Project/rob.vhdl Line: 80
Error (10500): VHDL syntax error at rob.vhdl(85) near text "then";  expecting ")", or "," File: /home/shobhit/Desktop/Acads/EE739-SuperScalar/Project/rob.vhdl Line: 85
Error (10500): VHDL syntax error at rob.vhdl(90) near text "then";  expecting ")", or "," File: /home/shobhit/Desktop/Acads/EE739-SuperScalar/Project/rob.vhdl Line: 90
Error (10500): VHDL syntax error at rob.vhdl(241) near text ";";  expecting ")", or "," File: /home/shobhit/Desktop/Acads/EE739-SuperScalar/Project/rob.vhdl Line: 241
Error (10500): VHDL syntax error at rob.vhdl(258) near text ";";  expecting ")", or "," File: /home/shobhit/Desktop/Acads/EE739-SuperScalar/Project/rob.vhdl Line: 258
Error (10500): VHDL syntax error at rob.vhdl(272) near text ";";  expecting ")", or "," File: /home/shobhit/Desktop/Acads/EE739-SuperScalar/Project/rob.vhdl Line: 272
Info (12021): Found 0 design units, including 0 entities, in source file rob.vhdl
Error (10500): VHDL syntax error at register_file.vhdl(9) near text ")";  expecting an identifier, or "constant", or "file", or "signal", or "variable" File: /home/shobhit/Desktop/Acads/EE739-SuperScalar/Project/register_file.vhdl Line: 9
Error (10500): VHDL syntax error at register_file.vhdl(35) near text "queue_used1";  expecting "end", or "begin", or a declaration statement File: /home/shobhit/Desktop/Acads/EE739-SuperScalar/Project/register_file.vhdl Line: 35
Error (10523): Ignored construct register_file at register_file.vhdl(5) due to previous errors File: /home/shobhit/Desktop/Acads/EE739-SuperScalar/Project/register_file.vhdl Line: 5
Error (10500): VHDL syntax error at register_file.vhdl(53) near text ";";  expecting ")", or "," File: /home/shobhit/Desktop/Acads/EE739-SuperScalar/Project/register_file.vhdl Line: 53
Error (10500): VHDL syntax error at register_file.vhdl(60) near text ";";  expecting ")", or "," File: /home/shobhit/Desktop/Acads/EE739-SuperScalar/Project/register_file.vhdl Line: 60
Error (10500): VHDL syntax error at register_file.vhdl(66) near text ";";  expecting ")", or "," File: /home/shobhit/Desktop/Acads/EE739-SuperScalar/Project/register_file.vhdl Line: 66
Error (10500): VHDL syntax error at register_file.vhdl(76) near text ";";  expecting ")", or "," File: /home/shobhit/Desktop/Acads/EE739-SuperScalar/Project/register_file.vhdl Line: 76
Error (10500): VHDL syntax error at register_file.vhdl(83) near text ";";  expecting ")", or "," File: /home/shobhit/Desktop/Acads/EE739-SuperScalar/Project/register_file.vhdl Line: 83
Error (10500): VHDL syntax error at register_file.vhdl(89) near text ";";  expecting ")", or "," File: /home/shobhit/Desktop/Acads/EE739-SuperScalar/Project/register_file.vhdl Line: 89
Error (10500): VHDL syntax error at register_file.vhdl(142) near text "validity_op1";  expecting ";" File: /home/shobhit/Desktop/Acads/EE739-SuperScalar/Project/register_file.vhdl Line: 142
Error (10500): VHDL syntax error at register_file.vhdl(152) near text "validity_op2";  expecting ";" File: /home/shobhit/Desktop/Acads/EE739-SuperScalar/Project/register_file.vhdl Line: 152
Info (12021): Found 0 design units, including 0 entities, in source file register_file.vhdl
Info (12021): Found 2 design units, including 1 entities, in source file LS_RS.vhd
    Info (12022): Found design unit 1: LS_RS-LS_RS_arch File: /home/shobhit/Desktop/Acads/EE739-SuperScalar/Project/LS_RS.vhd Line: 33
    Info (12023): Found entity 1: LS_RS File: /home/shobhit/Desktop/Acads/EE739-SuperScalar/Project/LS_RS.vhd Line: 5
Error (10430): VHDL Primary Unit Declaration error at load_queue.vhdl(7): primary unit "store_buffer" already exists in library "work". Compile the two primary units into different libraries or assign them unique names. The Intel FPGA Knowledge Database contains many articles with specific details on how to resolve this error. Visit the Knowledge Database at https://www.altera.com/support/support-resources/knowledge-base/search.html and search for this specific error message number. File: /home/shobhit/Desktop/Acads/EE739-SuperScalar/Project/load_queue.vhdl Line: 7
Error (10784): HDL error at store_buffer.vhdl(7): see declaration for object "store_buffer" File: /home/shobhit/Desktop/Acads/EE739-SuperScalar/Project/store_buffer.vhdl Line: 7
Info (12021): Found 0 design units, including 0 entities, in source file load_queue.vhdl
Info (12021): Found 2 design units, including 1 entities, in source file fetch_block.vhdl
    Info (12022): Found design unit 1: fetch_block-struct File: /home/shobhit/Desktop/Acads/EE739-SuperScalar/Project/fetch_block.vhdl Line: 22
    Info (12023): Found entity 1: fetch_block File: /home/shobhit/Desktop/Acads/EE739-SuperScalar/Project/fetch_block.vhdl Line: 7
Info (12021): Found 2 design units, including 1 entities, in source file decoder.vhdl
    Info (12022): Found design unit 1: decoder-struct File: /home/shobhit/Desktop/Acads/EE739-SuperScalar/Project/decoder.vhdl Line: 44
    Info (12023): Found entity 1: decoder File: /home/shobhit/Desktop/Acads/EE739-SuperScalar/Project/decoder.vhdl Line: 7
Info (12021): Found 2 design units, including 1 entities, in source file integer_RS.vhd
    Info (12022): Found design unit 1: int_RS-int_RS_arch File: /home/shobhit/Desktop/Acads/EE739-SuperScalar/Project/integer_RS.vhd Line: 35
    Info (12023): Found entity 1: int_RS File: /home/shobhit/Desktop/Acads/EE739-SuperScalar/Project/integer_RS.vhd Line: 5
Error: Quartus Prime Analysis & Synthesis was unsuccessful. 24 errors, 1 warning
    Error: Peak virtual memory: 416 megabytes
    Error: Processing ended: Thu Nov 30 12:17:25 2023
    Error: Elapsed time: 00:00:08
    Error: Total CPU time (on all processors): 00:00:23


